{"/home/stefano/Documenti/projects/matchesfashion/stefanocafarella-test/server/apis/product.js":{"path":"/home/stefano/Documenti/projects/matchesfashion/stefanocafarella-test/server/apis/product.js","s":{"1":1,"2":1,"3":1,"4":1,"5":1,"6":0,"7":1},"b":{},"f":{"1":1},"fnMap":{"1":{"name":"(anonymous_1)","line":6,"loc":{"start":{"line":6,"column":5},"end":{"line":6,"column":7}}}},"statementMap":{"1":{"start":{"line":1,"column":0},"end":{"line":1,"column":28}},"2":{"start":{"line":2,"column":0},"end":{"line":2,"column":34}},"3":{"start":{"line":3,"column":0},"end":{"line":3,"column":51}},"4":{"start":{"line":5,"column":0},"end":{"line":15,"column":1}},"5":{"start":{"line":7,"column":4},"end":{"line":13,"column":38}},"6":{"start":{"line":13,"column":22},"end":{"line":13,"column":37}},"7":{"start":{"line":17,"column":0},"end":{"line":17,"column":24}}},"branchMap":{}}}